<?xml version="1.0" encoding="UTF-8"?>
<testng-results ignored="0" total="1" passed="1" failed="0" skipped="0">
  <reporter-output>
  </reporter-output>
  <suite started-at="2022-07-17T02:59:05Z" name="Suite" finished-at="2022-07-17T02:59:23Z" duration-ms="18128">
    <groups>
    </groups>
    <test started-at="2022-07-17T02:59:05Z" name="Test" finished-at="2022-07-17T02:59:23Z" duration-ms="18128">
      <class name="com.test.Demo1">
        <test-method signature="test()[pri:0, instance:com.test.Demo1@a82c5f1]" started-at="2022-07-17T02:59:05Z" name="test" finished-at="2022-07-17T02:59:23Z" duration-ms="18116" status="PASS">
          <reporter-output>
          </reporter-output>
        </test-method> <!-- test -->
      </class> <!-- com.test.Demo1 -->
    </test> <!-- Test -->
  </suite> <!-- Suite -->
</testng-results>
